C51 COMPILER V9.60.0.0   0201_WATER_LIGHT                                                  12/09/2020 19:07:29 PAGE 1   


C51 COMPILER V9.60.0.0, COMPILATION OF MODULE 0201_WATER_LIGHT
OBJECT MODULE PLACED IN .\Objects\0201_water_light.obj
COMPILER INVOKED BY: C:\Keil_v5\C51\BIN\C51.EXE 0201_water_light.c OPTIMIZE(8,SPEED) BROWSE DEBUG OBJECTEXTEND PRINT(.\L
                    -istings\0201_water_light.lst) TABS(2) OBJECT(.\Objects\0201_water_light.obj)

line level    source

   1          /*
   2          衔接UPRE的流水灯任务
   3          
   4          */
   5          #include<REG52.H>
   6          #include<INTRINS.H>
   7          #define uint unsigned int
   8          #define uchar unsigned char
   9          //init light?不用？
  10          
  11          //延迟x毫秒数
  12          void delay(uint x)
  13          {
  14   1          uint i,j;
  15   1          for(i=x;i>0;i--)
  16   1              for(j=114;j>0;j--);
  17   1      }
  18          //清空灯+延时毫秒数
  19          void clear(uint time){
  20   1          P2=0xff;
  21   1          delay(time);
  22   1      }
  23          //亮的方向，l左,r右；位移起始值;每次位移的间隔时间;位移次数
  24          void move_direction(char direc,uchar a,uint time,int ci)
  25          {
  26   1          void delay(uint x);
  27   1          void clear(uint time);
  28   1          uint i;
  29   1          for(i=0;i<ci;i++){
  30   2              P2=a;           //把位移计算后的值交给管脚实现，不加=白干
  31   2              if(direc=='l') a=_crol_(a,1);
  32   2              else a=_cror_(a,1);
  33   2              delay(time);
  34   2          }
  35   1      }
  36          //灯从中间到两边k (扩)，从两边到中间s(缩);延时时间
  37          void move_KuoSuo(char direc,uint time){
  38   1          void delay(uint x);
  39   1          void clear(uint time);
  40   1          int i;              //unsigned int 没负数，整到负数就会报错出bug
  41   1          uchar a[4]={0x18,0x24,0x42,0x81};//00011000 00100100 01000010 10000001
  42   1          if(direc=='k'){
  43   2              for(i=0;i<4;i++){
  44   3                  P2=~a[i];
  45   3                  delay(time);
  46   3              }
  47   2          }
  48   1          else if(direc=='s'){
  49   2              for(i=3;i>=0;i--){  //如果是i>=0就会出问题，灯乱闪，要一个一个debug才行，和取反~可能有关系
  50   3                  P2=~a[i];
  51   3                  delay(time);
  52   3              }
  53   2          }
  54   1          i=0;
C51 COMPILER V9.60.0.0   0201_WATER_LIGHT                                                  12/09/2020 19:07:29 PAGE 2   

  55   1          clear(2000);
  56   1      }
  57          
  58          void all_light_off(int n )
  59          {
  60   1          void delay(uint x);
  61   1          void clear(uint time);
  62   1          int i;
  63   1          for (i=0; i<n; i++){
  64   2              P2=0x00;        //全部亮
  65   2              delay(200);
  66   2              clear(200);
  67   2          }
  68   1      }
  69          
  70          //第一个灯亮1次，第二个2次etc……，到第n个灯
  71          void factorial_light(int n)
  72          {
  73   1          void delay(uint x);
  74   1          void clear(uint time);
  75   1          uchar init=0x80;    //1000`0000
  76   1          int i;
  77   1          init=~init;
  78   1          for ( i = 1; i <= n; i++)
  79   1          {
  80   2              P2=init;
  81   2              delay(200);
  82   2              init=_cror_(init, i);
  83   2              clear(1);
  84   2          }
  85   1      }
  86          
  87          void jiange_light(int n)
  88          {
  89   1          void delay(uint x);
  90   1          void clear(uint time);
  91   1          uchar light=0xaa;    //1010・1010 取反 01010101
  92   1          int i;
  93   1          light=~light;
  94   1          for ( i=1; i<=n; i++){  //要循环亮灭的次数
  95   2              P2=light;
  96   2              delay(200);
  97   2              P2=~light;
  98   2              delay(200);
  99   2          }
 100   1      }
 101          
 102          //Written in Hebeu Library , studying with KangKang.
 103          void my_light(void)
 104          {
 105   1          void MyHeart(int happyTimes);
 106   1          int youSeatBesideMe=1, happy=8, youLeave=1;
 107   1          while (youSeatBesideMe){
 108   2              MyHeart(happy);
 109   2              if (youLeave) break;
 110   2          }
 111   1      }
 112          
 113          void iWantToSpentYearsOfTimeWithYou(int years)
 114          {
 115   1          int loveYouYear, yearOfSecond;
 116   1          yearOfSecond=365*24*60*60;
C51 COMPILER V9.60.0.0   0201_WATER_LIGHT                                                  12/09/2020 19:07:29 PAGE 3   

 117   1          for (loveYouYear=0; loveYouYear < years; loveYouYear++){
 118   2              delay(yearOfSecond);
 119   2          }
 120   1      }
 121          
 122          //n显示heart的次数,用8个led灯输出心形……效果和我想的不太一样啊
 123          void MyHeart(int happyTimes)
 124          {
 125   1          uchar heart[10]={
 126   1              0xff,   //1111`1111 先整两个测试一下,ok
 127   1              0x99,   //1001`1001
 128   1              0x66,   //0110`1110
 129   1              0x7e,   //0111`1110
 130   1              0xbd,   //1011`1101
 131   1              0xdb,   //1101`1011
 132   1              0xe7,   //1110`0111
 133   1              0xff,   //1111`1111
 134   1          };
 135   1      
 136   1          uchar *heartTimes=heart, *heartEnd=heart+happyTimes;
 137   1      
 138   1          for (; heartTimes < heartEnd; heartTimes++){
 139   2              P2=*heartTimes;
 140   2              delay(300);
 141   2          }
 142   1          iWantToSpentYearsOfTimeWithYou(10000);
 143   1      }
 144          
 145          uchar ll,rr;            //一定要在外部定义,不然在main()内定义int类会出错
 146          int main()
 147          {
 148   1          int end=100;
 149   1          int i;              //i不能在while循环里面定义，很奇怪，编译器可以能是极其古老的版本
 150   1          ll=0xfe;            //给管脚一起赋值，右边是0就是从左边开始亮……有点反人类
 151   1          rr=0x7f;
 152   1          while (end!=0)
 153   1          {
 154   2              //1
 155   2              move_direction('l',ll,200,8);
 156   2              clear(2000);
 157   2              //2
 158   2              move_direction('r',rr,200,8);
 159   2              clear(2000);
 160   2              //3
 161   2              move_direction('l',ll,200,8);
 162   2              move_direction('r',rr,200,8);
 163   2              clear(2000);
 164   2              //4
 165   2              for (i=1; i<=3; i++){
 166   3                  move_KuoSuo('k',200);
 167   3              }
 168   2              clear(2000);
 169   2              //5
 170   2              for (i=1; i<=3; i++){
 171   3                  move_KuoSuo('s',200);
 172   3              }
 173   2              clear(2000);
 174   2              //6
 175   2              all_light_off(3);
 176   2              move_direction('l',ll,200,8);
 177   2              clear(2000);
 178   2              //7
C51 COMPILER V9.60.0.0   0201_WATER_LIGHT                                                  12/09/2020 19:07:29 PAGE 4   

 179   2              factorial_light(4);
 180   2              clear(2000);
 181   2              //8
 182   2              jiange_light(3);
 183   2              clear(2000);
 184   2              //9-free-my_light暂停5s
 185   2              my_light();
 186   2              clear(2000);
 187   2              end--;
 188   2          }
 189   1          return 0;
 190   1      }
 191          /*  测试流水灯代码
 192              for(i=0;i<8;i++){
 193                  P2=ll;
 194                  ll=_crol_(ll,1);
 195                  delay(200);
 196              }
 197          */


MODULE INFORMATION:   STATIC OVERLAYABLE
   CODE SIZE        =    754    ----
   CONSTANT SIZE    =     14    ----
   XDATA SIZE       =   ----    ----
   PDATA SIZE       =   ----    ----
   DATA SIZE        =      2      45
   IDATA SIZE       =   ----    ----
   BIT SIZE         =   ----    ----
END OF MODULE INFORMATION.


C51 COMPILATION COMPLETE.  0 WARNING(S),  0 ERROR(S)
